<?xml version="1.0" encoding="UTF-8"?>
<testng-results ignored="0" total="1" passed="1" failed="0" skipped="0">
  <reporter-output>
  </reporter-output>
  <suite started-at="2020-05-12T11:20:29 PDT" name="Default suite" finished-at="2020-05-12T11:20:41 PDT" duration-ms="12941">
    <groups>
    </groups>
    <test started-at="2020-05-12T11:20:29 PDT" name="Default test" finished-at="2020-05-12T11:20:41 PDT" duration-ms="12941">
      <class name="com.qa.automation.TestLogin">
        <test-method signature="loginTest()[pri:0, instance:com.qa.automation.TestLogin@2357d90a]" started-at="2020-05-12T11:20:29 PDT" name="loginTest" finished-at="2020-05-12T11:20:41 PDT" duration-ms="12913" status="PASS">
          <reporter-output>
          </reporter-output>
        </test-method> <!-- loginTest -->
      </class> <!-- com.qa.automation.TestLogin -->
    </test> <!-- Default test -->
  </suite> <!-- Default suite -->
</testng-results>
